<?xml version="1.0" encoding="UTF-8"?>
<!-- Generated by org.testng.reporters.JUnitXMLReporter -->
<testsuite ignored="0" hostname="Mayur" failures="0" tests="4" name="Default test" time="45.456" errors="0" timestamp="22 Sep 2021 04:48:59 GMT">
  <testcase classname="com.ydcc.tests.HomePageTests" name="verifyForgetPasswordLink" time="1.857"/>
  <testcase classname="com.ydcc.tests.HomePageTests" name="verifyForgetUserNameLink" time="1.842"/>
  <testcase classname="com.ydcc.tests.HomePageTests" name="verifyLogin" time="3.199"/>
  <testcase classname="com.ydcc.tests.HomePageTests" name="verifyNewRegistrationButton" time="2.477"/>
</testsuite> <!-- Default test -->
