<?xml version="1.0" encoding="UTF-8"?>
<!-- Generated by org.testng.reporters.JUnitXMLReporter -->
<testsuite ignored="1" hostname="Mayur" failures="0" tests="5" name="Default test" time="91.994" errors="0" timestamp="22 Sep 2021 11:08:04 GMT">
  <testcase classname="com.ydcc.tests.EducationalDetailsTests" name="addEducationDetails" time="9.304"/>
  <testcase classname="com.ydcc.tests.EducationalDetailsTests" name="addTypingDetails" time="0.719"/>
  <testcase classname="com.ydcc.tests.EducationalDetailsTests" name="addWorkExperience" time="3.925"/>
  <testcase classname="com.ydcc.tests.EducationalDetailsTests" name="clickOnOKBtn" time="0.364"/>
  <testcase classname="com.ydcc.tests.EducationalDetailsTests" name="clickOnVaeifyBtn" time="0.349"/>
  <testcase classname="com.ydcc.tests.EducationalDetailsTests" name="clickOnBackBtn" time="0.0">
    <ignored/>
  </testcase> <!-- clickOnBackBtn -->
</testsuite> <!-- Default test -->
